<?xml version="1.0" encoding="UTF-8"?>
<!-- Generated by org.testng.reporters.JUnitXMLReporter -->
<testsuite hostname="BLRL79035" ignored="0" name="Default test" tests="3" failures="0" timestamp="05 Jul 2020 09:28:50 GMT" time="13.196" errors="0">
  <testcase name="roleTest" time="3.544" classname="com.qa.selenium.design.test.decorator.DashboardPageTest"/>
  <testcase name="roleTest" time="0.446" classname="com.qa.selenium.design.test.decorator.DashboardPageTest"/>
  <testcase name="roleTest" time="0.41" classname="com.qa.selenium.design.test.decorator.DashboardPageTest"/>
</testsuite> <!-- Default test -->
